<?xml version="1.0" encoding="UTF-8"?>
<testng-results skipped="0" failed="0" total="1" passed="1">
  <reporter-output>
  </reporter-output>
  <suite name="Default suite" duration-ms="30659" started-at="2021-04-27T19:03:39Z" finished-at="2021-04-27T19:04:09Z">
    <groups>
    </groups>
    <test name="Default test" duration-ms="30659" started-at="2021-04-27T19:03:39Z" finished-at="2021-04-27T19:04:09Z">
      <class name="eunimart.testsuite.TestSuite">
        <test-method status="PASS" signature="beforeTest()[pri:0, instance:eunimart.testsuite.TestSuite@29774679]" name="beforeTest" is-config="true" duration-ms="14196" started-at="2021-04-28T00:33:39Z" finished-at="2021-04-28T00:33:53Z">
          <reporter-output>
          </reporter-output>
        </test-method> <!-- beforeTest -->
        <test-method status="PASS" signature="verifySignUpprocessEunimart()[pri:1, instance:eunimart.testsuite.TestSuite@29774679]" name="verifySignUpprocessEunimart" duration-ms="16242" started-at="2021-04-28T00:33:53Z" finished-at="2021-04-28T00:34:09Z">
          <reporter-output>
          </reporter-output>
        </test-method> <!-- verifySignUpprocessEunimart -->
        <test-method status="PASS" signature="afterTest()[pri:0, instance:eunimart.testsuite.TestSuite@29774679]" name="afterTest" is-config="true" duration-ms="189" started-at="2021-04-28T00:34:09Z" finished-at="2021-04-28T00:34:09Z">
          <reporter-output>
          </reporter-output>
        </test-method> <!-- afterTest -->
      </class> <!-- eunimart.testsuite.TestSuite -->
    </test> <!-- Default test -->
  </suite> <!-- Default suite -->
</testng-results>
